Arguments: 
  /usr/local/bin/node /usr/local/bin/yarn add react-native --exact

PATH: 
  /usr/bin:/bin:/usr/sbin:/sbin:/usr/local/bin:/Library/Frameworks/Mono.framework/Versions/Current/Commands

Yarn version: 
  1.0.2

Node version: 
  8.4.0

Platform: 
  darwin x64

npm manifest: 
  {"name":"aap6","version":"0.0.1","private":true,"scripts":{"start":"node node_modules/react-native/local-cli/cli.js start"}}

yarn manifest: 
  No manifest

Lockfile: 
  No lockfile

Trace: 
  Error: https://registry.yarnpkg.com/jsesc/-/jsesc-1.3.0.tgz: ETIMEDOUT
      at Timeout._onTimeout (/usr/local/lib/node_modules/yarn/lib/cli.js:118034:19)
      at ontimeout (timers.js:469:11)
      at tryOnTimeout (timers.js:304:5)
      at Timer.listOnTimeout (timers.js:264:5)
